  MapEditor.cpp
C:\uitGame\MapEditor\MapEditor.cpp(30): warning C4244: 'initializing': conversion from 'float' to 'int', possible loss of data
C:\uitGame\MapEditor\MapEditor.cpp(31): warning C4244: 'initializing': conversion from 'float' to 'int', possible loss of data
C:\uitGame\MapEditor\MapEditor.cpp(60): error C2065: 'Rect': undeclared identifier
C:\uitGame\MapEditor\MapEditor.cpp(60): error C2065: 'rect': undeclared identifier
C:\uitGame\MapEditor\MapEditor.cpp(77): error C2065: 'rect': undeclared identifier
C:\uitGame\MapEditor\MapEditor.cpp(77): error C2061: syntax error: identifier 'Rect'
C:\uitGame\MapEditor\MapEditor.cpp(83): error C2065: 'rect': undeclared identifier
C:\uitGame\MapEditor\MapEditor.cpp(83): error C2653: 'Cell': is not a class or namespace name
C:\uitGame\MapEditor\MapEditor.cpp(83): error C2065: 'width': undeclared identifier
C:\uitGame\MapEditor\MapEditor.cpp(84): error C2065: 'rect': undeclared identifier
C:\uitGame\MapEditor\MapEditor.cpp(84): error C2653: 'Cell': is not a class or namespace name
C:\uitGame\MapEditor\MapEditor.cpp(84): error C2065: 'width': undeclared identifier
C:\uitGame\MapEditor\MapEditor.cpp(85): error C2065: 'rect': undeclared identifier
C:\uitGame\MapEditor\MapEditor.cpp(85): error C2653: 'Cell': is not a class or namespace name
C:\uitGame\MapEditor\MapEditor.cpp(85): error C2065: 'height': undeclared identifier
C:\uitGame\MapEditor\MapEditor.cpp(86): error C2065: 'rect': undeclared identifier
C:\uitGame\MapEditor\MapEditor.cpp(86): error C2653: 'Cell': is not a class or namespace name
C:\uitGame\MapEditor\MapEditor.cpp(86): error C2065: 'height': undeclared identifier
C:\uitGame\MapEditor\MapEditor.cpp(87): error C2065: 'rect': undeclared identifier
C:\uitGame\MapEditor\MapEditor.cpp(87): error C2541: 'delete': cannot delete objects that are not pointers
C:\uitGame\MapEditor\MapEditor.cpp(160): error C2084: function 'void CreateGridFile(int)' already has a body
  C:\uitGame\MapEditor\MapEditor.cpp(9): note: see previous definition of 'CreateGridFile'
C:\uitGame\MapEditor\MapEditor.cpp(180): warning C4244: 'initializing': conversion from 'float' to 'int', possible loss of data
C:\uitGame\MapEditor\MapEditor.cpp(181): warning C4244: 'initializing': conversion from 'float' to 'int', possible loss of data
C:\uitGame\MapEditor\MapEditor.cpp(227): warning C4244: 'argument': conversion from '_Ty' to 'float', possible loss of data
          with
          [
              _Ty=int
          ]
C:\uitGame\MapEditor\MapEditor.cpp(233): warning C4244: 'initializing': conversion from 'float' to 'int', possible loss of data
C:\uitGame\MapEditor\MapEditor.cpp(234): warning C4244: 'initializing': conversion from 'float' to 'int', possible loss of data
C:\uitGame\MapEditor\MapEditor.cpp(235): warning C4244: 'initializing': conversion from 'float' to 'int', possible loss of data
C:\uitGame\MapEditor\MapEditor.cpp(236): warning C4244: 'initializing': conversion from 'float' to 'int', possible loss of data
C:\uitGame\MapEditor\MapEditor.cpp(293): error C2065: 'CreateGridFile': undeclared identifier
