c:\users\pham trung truong\documents\github\uitgame\ninja gaiden\x64\debug\vc141.pdb
c:\users\pham trung truong\documents\github\uitgame\ninja gaiden\x64\debug\vc141.idb
c:\users\pham trung truong\documents\github\uitgame\ninja gaiden\x64\debug\mapfactory.obj
c:\users\pham trung truong\documents\github\uitgame\ninja gaiden\x64\debug\holderitemfactory.obj
c:\users\pham trung truong\documents\github\uitgame\ninja gaiden\x64\debug\holderbutterfly.obj
c:\users\pham trung truong\documents\github\uitgame\ninja gaiden\x64\debug\grid.obj
c:\users\pham trung truong\documents\github\uitgame\ninja gaiden\x64\debug\animation.obj
c:\users\pham trung truong\documents\github\uitgame\ninja gaiden\x64\debug\gameglobal.obj
c:\users\pham trung truong\documents\github\uitgame\ninja gaiden\x64\debug\map.obj
c:\users\pham trung truong\documents\github\uitgame\ninja gaiden\x64\debug\loader.obj
c:\users\pham trung truong\documents\github\uitgame\ninja gaiden\x64\debug\holdersprite.obj
c:\users\pham trung truong\documents\github\uitgame\ninja gaiden\x64\debug\game.obj
c:\users\pham trung truong\documents\github\uitgame\ninja gaiden\x64\debug\enemysprite.obj
c:\users\pham trung truong\documents\github\uitgame\ninja gaiden\x64\debug\enemypanther.obj
c:\users\pham trung truong\documents\github\uitgame\ninja gaiden\x64\debug\enemygunman.obj
c:\users\pham trung truong\documents\github\uitgame\ninja gaiden\x64\debug\enemyfactory.obj
c:\users\pham trung truong\documents\github\uitgame\ninja gaiden\x64\debug\enemyeagle.obj
c:\users\pham trung truong\documents\github\uitgame\ninja gaiden\x64\debug\enemydagger.obj
c:\users\pham trung truong\documents\github\uitgame\ninja gaiden\x64\debug\enemycloakman.obj
c:\users\pham trung truong\documents\github\uitgame\ninja gaiden\x64\debug\enemybullet.obj
c:\users\pham trung truong\documents\github\uitgame\ninja gaiden\x64\debug\enemybazokaman.obj
c:\users\pham trung truong\documents\github\uitgame\ninja gaiden\x64\debug\collision.obj
c:\users\pham trung truong\documents\github\uitgame\ninja gaiden\x64\debug\cell.obj
c:\users\pham trung truong\documents\github\uitgame\ninja gaiden\x64\debug\scenemanager.obj
c:\users\pham trung truong\documents\github\uitgame\ninja gaiden\x64\debug\scene.obj
c:\users\pham trung truong\documents\github\uitgame\ninja gaiden\x64\debug\playscene.obj
c:\users\pham trung truong\documents\github\uitgame\ninja gaiden\x64\debug\playerstandingstate.obj
c:\users\pham trung truong\documents\github\uitgame\ninja gaiden\x64\debug\playersittingstate.obj
c:\users\pham trung truong\documents\github\uitgame\ninja gaiden\x64\debug\playerrunningstate.obj
c:\users\pham trung truong\documents\github\uitgame\ninja gaiden\x64\debug\playerjumpingstate.obj
c:\users\pham trung truong\documents\github\uitgame\ninja gaiden\x64\debug\playerinjuredstate.obj
c:\users\pham trung truong\documents\github\uitgame\ninja gaiden\x64\debug\playerfallingstate.obj
c:\users\pham trung truong\documents\github\uitgame\ninja gaiden\x64\debug\playerdeadstate.obj
c:\users\pham trung truong\documents\github\uitgame\ninja gaiden\x64\debug\playerclingingstate.obj
c:\users\pham trung truong\documents\github\uitgame\ninja gaiden\x64\debug\playerclimbingstate.obj
c:\users\pham trung truong\documents\github\uitgame\ninja gaiden\x64\debug\playerattackingstate.obj
c:\users\pham trung truong\documents\github\uitgame\ninja gaiden\x64\debug\player.obj
c:\users\pham trung truong\documents\github\uitgame\ninja gaiden\x64\debug\objectitemswingsword.obj
c:\users\pham trung truong\documents\github\uitgame\ninja gaiden\x64\debug\main.obj
c:\users\pham trung truong\documents\github\uitgame\ninja gaiden\x64\debug\objectitemsword.obj
c:\users\pham trung truong\documents\github\uitgame\ninja gaiden\x64\debug\objectitemshuriken.obj
c:\users\pham trung truong\documents\github\uitgame\ninja gaiden\x64\debug\object.obj
c:\users\pham trung truong\documents\github\uitgame\ninja gaiden\x64\debug\texturefactory.obj
c:\users\pham trung truong\documents\github\uitgame\ninja gaiden\x64\debug\enemyswordman.obj
c:\users\pham trung truong\documents\github\uitgame\ninja gaiden\x64\debug\spritefactory.obj
c:\users\pham trung truong\documents\github\uitgame\ninja gaiden\x64\debug\sprite.obj
c:\users\pham trung truong\documents\github\uitgame\ninja gaiden\x64\debug\game.exe
c:\users\pham trung truong\documents\github\uitgame\ninja gaiden\x64\debug\game.ilk
c:\users\pham trung truong\documents\github\uitgame\ninja gaiden\x64\debug\game.pdb
c:\users\pham trung truong\documents\github\uitgame\ninja gaiden\x64\debug\game.tlog\cl.command.1.tlog
c:\users\pham trung truong\documents\github\uitgame\ninja gaiden\x64\debug\game.tlog\cl.read.1.tlog
c:\users\pham trung truong\documents\github\uitgame\ninja gaiden\x64\debug\game.tlog\cl.write.1.tlog
c:\users\pham trung truong\documents\github\uitgame\ninja gaiden\x64\debug\game.tlog\link.command.1.tlog
c:\users\pham trung truong\documents\github\uitgame\ninja gaiden\x64\debug\game.tlog\link.read.1.tlog
c:\users\pham trung truong\documents\github\uitgame\ninja gaiden\x64\debug\game.tlog\link.write.1.tlog
