d:\uit - project\uitgd\se102 - p5\debug\vc141.pdb
d:\uit - project\uitgd\se102 - p5\debug\vc141.idb
d:\uit - project\uitgd\se102 - p5\debug\playersittingstate.obj
d:\uit - project\uitgd\se102 - p5\debug\playerrunningstate.obj
d:\uit - project\uitgd\se102 - p5\debug\playerjumpingstate.obj
d:\uit - project\uitgd\se102 - p5\debug\playerinjuredstate.obj
d:\uit - project\uitgd\se102 - p5\debug\playerfallingstate.obj
d:\uit - project\uitgd\se102 - p5\debug\playerdeadstate.obj
d:\uit - project\uitgd\se102 - p5\debug\playerclingingstate.obj
d:\uit - project\uitgd\se102 - p5\debug\playerclimbingstate.obj
d:\uit - project\uitgd\se102 - p5\debug\playerattackingstate.obj
d:\uit - project\uitgd\se102 - p5\debug\player.obj
d:\uit - project\uitgd\se102 - p5\debug\objectitemswingsword.obj
d:\uit - project\uitgd\se102 - p5\debug\main.obj
d:\uit - project\uitgd\se102 - p5\debug\objectitemsword.obj
d:\uit - project\uitgd\se102 - p5\debug\objectitemshuriken.obj
d:\uit - project\uitgd\se102 - p5\debug\mapfactory.obj
d:\uit - project\uitgd\se102 - p5\debug\map.obj
d:\uit - project\uitgd\se102 - p5\debug\gameglobal.obj
d:\uit - project\uitgd\se102 - p5\debug\game.obj
d:\uit - project\uitgd\se102 - p5\debug\collision.obj
d:\uit - project\uitgd\se102 - p5\debug\animation.obj
d:\uit - project\uitgd\se102 - p5\debug\texturefactory.obj
d:\uit - project\uitgd\se102 - p5\debug\spritefactory.obj
d:\uit - project\uitgd\se102 - p5\debug\sprite.obj
d:\uit - project\uitgd\se102 - p5\debug\scenemanager.obj
d:\uit - project\uitgd\se102 - p5\debug\scene.obj
d:\uit - project\uitgd\se102 - p5\debug\quadtree.obj
d:\uit - project\uitgd\se102 - p5\debug\playscene.obj
d:\uit - project\uitgd\se102 - p5\debug\playerstandingstate.obj
d:\uit - project\uitgd\se102 - p5\debug\game.pdb
d:\uit - project\uitgd\se102 - p5\debug\game.tlog\cl.command.1.tlog
d:\uit - project\uitgd\se102 - p5\debug\game.tlog\cl.read.1.tlog
d:\uit - project\uitgd\se102 - p5\debug\game.tlog\cl.write.1.tlog
d:\uit - project\uitgd\se102 - p5\debug\game.tlog\link-cvtres.read.1.tlog
d:\uit - project\uitgd\se102 - p5\debug\game.tlog\link-cvtres.write.1.tlog
d:\uit - project\uitgd\se102 - p5\debug\game.tlog\link-rc.read.1.tlog
d:\uit - project\uitgd\se102 - p5\debug\game.tlog\link-rc.write.1.tlog
d:\uit - project\uitgd\se102 - p5\debug\game.tlog\link.command.1.tlog
d:\uit - project\uitgd\se102 - p5\debug\game.tlog\link.read.1.tlog
d:\uit - project\uitgd\se102 - p5\debug\game.tlog\link.write.1.tlog
