c:\users\admin\desktop\game (fixed)\debug\vc141.pdb
c:\users\admin\desktop\game (fixed)\debug\vc141.idb
c:\users\admin\desktop\game (fixed)\debug\spritefactory.obj
c:\users\admin\desktop\game (fixed)\debug\playersprite.obj
c:\users\admin\desktop\game (fixed)\debug\player.obj
c:\users\admin\desktop\game (fixed)\debug\sprite.obj
c:\users\admin\desktop\game (fixed)\debug\scenemanager.obj
c:\users\admin\desktop\game (fixed)\debug\scene.obj
c:\users\admin\desktop\game (fixed)\debug\playerstandingstate.obj
c:\users\admin\desktop\game (fixed)\debug\playersittingstate.obj
c:\users\admin\desktop\game (fixed)\debug\playerrunningstate.obj
c:\users\admin\desktop\game (fixed)\debug\playerjumpingstate.obj
c:\users\admin\desktop\game (fixed)\debug\playerfallingstate.obj
c:\users\admin\desktop\game (fixed)\debug\playerattackingstate.obj
c:\users\admin\desktop\game (fixed)\debug\playscene.obj
c:\users\admin\desktop\game (fixed)\debug\objectitemsprite.obj
c:\users\admin\desktop\game (fixed)\debug\objectitemaxe.obj
c:\users\admin\desktop\game (fixed)\debug\objectitem.obj
c:\users\admin\desktop\game (fixed)\debug\object.obj
c:\users\admin\desktop\game (fixed)\debug\gameglobal.obj
c:\users\admin\desktop\game (fixed)\debug\game.obj
c:\users\admin\desktop\game (fixed)\debug\animation.obj
c:\users\admin\desktop\game (fixed)\debug\main.obj
c:\users\admin\desktop\game (fixed)\debug\texturefactory.obj
c:\users\admin\desktop\game (fixed)\debug\playerclingingstate.obj
c:\users\admin\desktop\game (fixed)\debug\playerclimbingstate.obj
c:\users\admin\desktop\game (fixed)\debug\objectitemsword.obj
c:\users\admin\desktop\game (fixed)\debug\playerinjuredstate.obj
c:\users\admin\desktop\game (fixed)\debug\playerdeadstate.obj
c:\users\admin\desktop\game (fixed)\debug\game.ilk
c:\users\admin\desktop\game (fixed)\debug\game.exe
c:\users\admin\desktop\game (fixed)\debug\game.pdb
c:\users\admin\desktop\game (fixed)\debug\itemaxe.obj
c:\users\admin\desktop\game (fixed)\debug\itemaxesprite.obj
c:\users\admin\desktop\game (fixed)\debug\itemsprite.obj
c:\users\admin\desktop\game (fixed)\debug\objectitemaxesprite.obj
c:\users\admin\desktop\game (fixed)\debug\playerattackinggroundstate.obj
c:\users\admin\desktop\game (fixed)\debug\playerstate.obj
c:\users\admin\desktop\game (fixed)\debug\playerthrowingstate.obj
c:\users\admin\desktop\game (fixed)\debug\game.obj.enc
c:\users\admin\desktop\game (fixed)\debug\main.obj.enc
c:\users\admin\desktop\game (fixed)\debug\player.obj.enc
c:\users\admin\desktop\game (fixed)\debug\playerattackingstate.obj.enc
c:\users\admin\desktop\game (fixed)\debug\playerclimbingstate.obj.enc
c:\users\admin\desktop\game (fixed)\debug\playerclingingstate.obj.enc
c:\users\admin\desktop\game (fixed)\debug\playerfallingstate.obj.enc
c:\users\admin\desktop\game (fixed)\debug\playerjumpingstate.obj.enc
c:\users\admin\desktop\game (fixed)\debug\playerrunningstate.obj.enc
c:\users\admin\desktop\game (fixed)\debug\playersittingstate.obj.enc
c:\users\admin\desktop\game (fixed)\debug\playerstandingstate.obj.enc
c:\users\admin\desktop\game (fixed)\debug\playscene.obj.enc
c:\users\admin\desktop\game (fixed)\debug\game.tlog\cl.command.1.tlog
c:\users\admin\desktop\game (fixed)\debug\game.tlog\cl.read.1.tlog
c:\users\admin\desktop\game (fixed)\debug\game.tlog\cl.write.1.tlog
c:\users\admin\desktop\game (fixed)\debug\game.tlog\link.command.1.tlog
c:\users\admin\desktop\game (fixed)\debug\game.tlog\link.read.1.tlog
c:\users\admin\desktop\game (fixed)\debug\game.tlog\link.write.1.tlog
