  Animation.cpp
  c:\program files (x86)\microsoft directx sdk (june 2010)\include\dinput.h: DIRECTINPUT_VERSION undefined. Defaulting to version 0x0800
c:\users\admin\desktop\game - p4\player\source code\gameglobal.h(59): warning C4091: 'extern ': ignored on left of 'Tag' when no variable is declared
c:\users\admin\desktop\game - p4\player\source code\gameglobal.h(66): warning C4091: 'extern ': ignored on left of 'Type' when no variable is declared
c:\users\admin\desktop\game - p4\player\source code\gameglobal.h(84): warning C4091: 'extern ': ignored on left of 'State' when no variable is declared
c:\users\admin\desktop\game - p4\player\source code\animation.cpp(29): warning C4244: '+=': conversion from 'float' to 'int', possible loss of data
  Camera.cpp
  c:\program files (x86)\microsoft directx sdk (june 2010)\include\dinput.h: DIRECTINPUT_VERSION undefined. Defaulting to version 0x0800
c:\users\admin\desktop\game - p4\player\source code\gameglobal.h(59): warning C4091: 'extern ': ignored on left of 'Tag' when no variable is declared
c:\users\admin\desktop\game - p4\player\source code\gameglobal.h(66): warning C4091: 'extern ': ignored on left of 'Type' when no variable is declared
c:\users\admin\desktop\game - p4\player\source code\gameglobal.h(84): warning C4091: 'extern ': ignored on left of 'State' when no variable is declared
c:\users\admin\desktop\game - p4\player\source code\camera.cpp(13): warning C4244: '=': conversion from 'float' to 'int', possible loss of data
c:\users\admin\desktop\game - p4\player\source code\camera.cpp(14): warning C4244: '=': conversion from 'float' to 'int', possible loss of data
c:\users\admin\desktop\game - p4\player\source code\camera.cpp(19): warning C4244: '=': conversion from 'float' to 'int', possible loss of data
c:\users\admin\desktop\game - p4\player\source code\camera.cpp(24): warning C4244: '+=': conversion from 'float' to 'int', possible loss of data
  Game.cpp
  c:\program files (x86)\microsoft directx sdk (june 2010)\include\dinput.h: DIRECTINPUT_VERSION undefined. Defaulting to version 0x0800
c:\users\admin\desktop\game - p4\player\source code\gameglobal.h(59): warning C4091: 'extern ': ignored on left of 'Tag' when no variable is declared
c:\users\admin\desktop\game - p4\player\source code\gameglobal.h(66): warning C4091: 'extern ': ignored on left of 'Type' when no variable is declared
c:\users\admin\desktop\game - p4\player\source code\gameglobal.h(84): warning C4091: 'extern ': ignored on left of 'State' when no variable is declared
c:\users\admin\desktop\game - p4\player\source code\playerhandler.h(14): warning C4150: deletion of pointer to incomplete type 'Player'; no destructor called
  c:\users\admin\desktop\game - p4\player\source code\playerhandler.h(2): note: see declaration of 'Player'
c:\users\admin\desktop\game - p4\player\source code\playerhandler.h(15): warning C4150: deletion of pointer to incomplete type 'PlayerState'; no destructor called
  c:\users\admin\desktop\game - p4\player\source code\playerhandler.h(3): note: see declaration of 'PlayerState'
c:\users\admin\desktop\game - p4\player\source code\playerhandler.h(36): warning C4150: deletion of pointer to incomplete type 'PlayerState'; no destructor called
  c:\users\admin\desktop\game - p4\player\source code\playerhandler.h(3): note: see declaration of 'PlayerState'
c:\users\admin\desktop\game - p4\player\source code\game.cpp(121): warning C4018: '>=': signed/unsigned mismatch
c:\users\admin\desktop\game - p4\player\source code\game.cpp(125): warning C4244: 'argument': conversion from 'unsigned long' to 'float', possible loss of data
  GameGlobal.cpp
  c:\program files (x86)\microsoft directx sdk (june 2010)\include\dinput.h: DIRECTINPUT_VERSION undefined. Defaulting to version 0x0800
c:\users\admin\desktop\game - p4\player\source code\gameglobal.h(59): warning C4091: 'extern ': ignored on left of 'Tag' when no variable is declared
c:\users\admin\desktop\game - p4\player\source code\gameglobal.h(66): warning C4091: 'extern ': ignored on left of 'Type' when no variable is declared
c:\users\admin\desktop\game - p4\player\source code\gameglobal.h(84): warning C4091: 'extern ': ignored on left of 'State' when no variable is declared
  Map.cpp
  c:\program files (x86)\microsoft directx sdk (june 2010)\include\dinput.h: DIRECTINPUT_VERSION undefined. Defaulting to version 0x0800
c:\users\admin\desktop\game - p4\player\source code\gameglobal.h(59): warning C4091: 'extern ': ignored on left of 'Tag' when no variable is declared
c:\users\admin\desktop\game - p4\player\source code\gameglobal.h(66): warning C4091: 'extern ': ignored on left of 'Type' when no variable is declared
c:\users\admin\desktop\game - p4\player\source code\gameglobal.h(84): warning C4091: 'extern ': ignored on left of 'State' when no variable is declared
c:\users\admin\desktop\game - p4\player\source code\map.cpp(40): warning C4244: 'argument': conversion from 'int' to 'FLOAT', possible loss of data
c:\users\admin\desktop\game - p4\player\source code\map.cpp(55): warning C4244: 'argument': conversion from 'int' to 'float', possible loss of data
  MapFactory.cpp
  c:\program files (x86)\microsoft directx sdk (june 2010)\include\dinput.h: DIRECTINPUT_VERSION undefined. Defaulting to version 0x0800
c:\users\admin\desktop\game - p4\player\source code\gameglobal.h(59): warning C4091: 'extern ': ignored on left of 'Tag' when no variable is declared
c:\users\admin\desktop\game - p4\player\source code\gameglobal.h(66): warning C4091: 'extern ': ignored on left of 'Type' when no variable is declared
c:\users\admin\desktop\game - p4\player\source code\gameglobal.h(84): warning C4091: 'extern ': ignored on left of 'State' when no variable is declared
  Object.cpp
  c:\program files (x86)\microsoft directx sdk (june 2010)\include\dinput.h: DIRECTINPUT_VERSION undefined. Defaulting to version 0x0800
c:\users\admin\desktop\game - p4\player\source code\gameglobal.h(59): warning C4091: 'extern ': ignored on left of 'Tag' when no variable is declared
c:\users\admin\desktop\game - p4\player\source code\gameglobal.h(66): warning C4091: 'extern ': ignored on left of 'Type' when no variable is declared
c:\users\admin\desktop\game - p4\player\source code\gameglobal.h(84): warning C4091: 'extern ': ignored on left of 'State' when no variable is declared
  ObjectItem.cpp
  c:\program files (x86)\microsoft directx sdk (june 2010)\include\dinput.h: DIRECTINPUT_VERSION undefined. Defaulting to version 0x0800
c:\users\admin\desktop\game - p4\player\source code\gameglobal.h(59): warning C4091: 'extern ': ignored on left of 'Tag' when no variable is declared
c:\users\admin\desktop\game - p4\player\source code\gameglobal.h(66): warning C4091: 'extern ': ignored on left of 'Type' when no variable is declared
c:\users\admin\desktop\game - p4\player\source code\gameglobal.h(84): warning C4091: 'extern ': ignored on left of 'State' when no variable is declared
  ObjectItemShuriken.cpp
  c:\program files (x86)\microsoft directx sdk (june 2010)\include\dinput.h: DIRECTINPUT_VERSION undefined. Defaulting to version 0x0800
c:\users\admin\desktop\game - p4\player\source code\gameglobal.h(59): warning C4091: 'extern ': ignored on left of 'Tag' when no variable is declared
c:\users\admin\desktop\game - p4\player\source code\gameglobal.h(66): warning C4091: 'extern ': ignored on left of 'Type' when no variable is declared
c:\users\admin\desktop\game - p4\player\source code\gameglobal.h(84): warning C4091: 'extern ': ignored on left of 'State' when no variable is declared
  ObjectItemSprite.cpp
  c:\program files (x86)\microsoft directx sdk (june 2010)\include\dinput.h: DIRECTINPUT_VERSION undefined. Defaulting to version 0x0800
c:\users\admin\desktop\game - p4\player\source code\gameglobal.h(59): warning C4091: 'extern ': ignored on left of 'Tag' when no variable is declared
c:\users\admin\desktop\game - p4\player\source code\gameglobal.h(66): warning C4091: 'extern ': ignored on left of 'Type' when no variable is declared
c:\users\admin\desktop\game - p4\player\source code\gameglobal.h(84): warning C4091: 'extern ': ignored on left of 'State' when no variable is declared
  ObjectItemSwingSword.cpp
  c:\program files (x86)\microsoft directx sdk (june 2010)\include\dinput.h: DIRECTINPUT_VERSION undefined. Defaulting to version 0x0800
c:\users\admin\desktop\game - p4\player\source code\gameglobal.h(59): warning C4091: 'extern ': ignored on left of 'Tag' when no variable is declared
c:\users\admin\desktop\game - p4\player\source code\gameglobal.h(66): warning C4091: 'extern ': ignored on left of 'Type' when no variable is declared
c:\users\admin\desktop\game - p4\player\source code\gameglobal.h(84): warning C4091: 'extern ': ignored on left of 'State' when no variable is declared
  ObjectItemSword.cpp
  c:\program files (x86)\microsoft directx sdk (june 2010)\include\dinput.h: DIRECTINPUT_VERSION undefined. Defaulting to version 0x0800
c:\users\admin\desktop\game - p4\player\source code\gameglobal.h(59): warning C4091: 'extern ': ignored on left of 'Tag' when no variable is declared
c:\users\admin\desktop\game - p4\player\source code\gameglobal.h(66): warning C4091: 'extern ': ignored on left of 'Type' when no variable is declared
c:\users\admin\desktop\game - p4\player\source code\gameglobal.h(84): warning C4091: 'extern ': ignored on left of 'State' when no variable is declared
  PlayScene.cpp
  c:\program files (x86)\microsoft directx sdk (june 2010)\include\dinput.h: DIRECTINPUT_VERSION undefined. Defaulting to version 0x0800
c:\users\admin\desktop\game - p4\player\source code\gameglobal.h(59): warning C4091: 'extern ': ignored on left of 'Tag' when no variable is declared
c:\users\admin\desktop\game - p4\player\source code\gameglobal.h(66): warning C4091: 'extern ': ignored on left of 'Type' when no variable is declared
c:\users\admin\desktop\game - p4\player\source code\gameglobal.h(84): warning C4091: 'extern ': ignored on left of 'State' when no variable is declared
c:\users\admin\desktop\game - p4\player\source code\playerhandler.h(14): warning C4150: deletion of pointer to incomplete type 'Player'; no destructor called
  c:\users\admin\desktop\game - p4\player\source code\playerhandler.h(2): note: see declaration of 'Player'
c:\users\admin\desktop\game - p4\player\source code\playerhandler.h(15): warning C4150: deletion of pointer to incomplete type 'PlayerState'; no destructor called
  c:\users\admin\desktop\game - p4\player\source code\playerhandler.h(3): note: see declaration of 'PlayerState'
c:\users\admin\desktop\game - p4\player\source code\playerhandler.h(36): warning C4150: deletion of pointer to incomplete type 'PlayerState'; no destructor called
  c:\users\admin\desktop\game - p4\player\source code\playerhandler.h(3): note: see declaration of 'PlayerState'
c:\users\admin\desktop\game - p4\player\source code\playscene.cpp(12): warning C4244: 'argument': conversion from 'int' to 'float', possible loss of data
c:\users\admin\desktop\game - p4\player\source code\playscene.cpp(29): warning C4244: 'argument': conversion from 'int' to 'float', possible loss of data
c:\users\admin\desktop\game - p4\player\source code\playscene.cpp(40): warning C4244: 'argument': conversion from 'int' to 'float', possible loss of data
  Player.cpp
  c:\program files (x86)\microsoft directx sdk (june 2010)\include\dinput.h: DIRECTINPUT_VERSION undefined. Defaulting to version 0x0800
c:\users\admin\desktop\game - p4\player\source code\gameglobal.h(59): warning C4091: 'extern ': ignored on left of 'Tag' when no variable is declared
c:\users\admin\desktop\game - p4\player\source code\gameglobal.h(66): warning C4091: 'extern ': ignored on left of 'Type' when no variable is declared
c:\users\admin\desktop\game - p4\player\source code\gameglobal.h(84): warning C4091: 'extern ': ignored on left of 'State' when no variable is declared
c:\users\admin\desktop\game - p4\player\source code\playerhandler.h(14): warning C4150: deletion of pointer to incomplete type 'Player'; no destructor called
  c:\users\admin\desktop\game - p4\player\source code\playerhandler.h(2): note: see declaration of 'Player'
c:\users\admin\desktop\game - p4\player\source code\playerhandler.h(15): warning C4150: deletion of pointer to incomplete type 'PlayerState'; no destructor called
  c:\users\admin\desktop\game - p4\player\source code\playerhandler.h(3): note: see declaration of 'PlayerState'
c:\users\admin\desktop\game - p4\player\source code\playerhandler.h(36): warning C4150: deletion of pointer to incomplete type 'PlayerState'; no destructor called
  c:\users\admin\desktop\game - p4\player\source code\playerhandler.h(3): note: see declaration of 'PlayerState'
c:\users\admin\desktop\game - p4\player\source code\player.cpp(79): warning C4244: '=': conversion from 'float' to 'LONG', possible loss of data
c:\users\admin\desktop\game - p4\player\source code\player.cpp(81): warning C4244: '=': conversion from 'float' to 'LONG', possible loss of data
  PlayerAttackingState.cpp
  c:\program files (x86)\microsoft directx sdk (june 2010)\include\dinput.h: DIRECTINPUT_VERSION undefined. Defaulting to version 0x0800
c:\users\admin\desktop\game - p4\player\source code\gameglobal.h(59): warning C4091: 'extern ': ignored on left of 'Tag' when no variable is declared
c:\users\admin\desktop\game - p4\player\source code\gameglobal.h(66): warning C4091: 'extern ': ignored on left of 'Type' when no variable is declared
c:\users\admin\desktop\game - p4\player\source code\gameglobal.h(84): warning C4091: 'extern ': ignored on left of 'State' when no variable is declared
c:\users\admin\desktop\game - p4\player\source code\playerhandler.h(14): warning C4150: deletion of pointer to incomplete type 'Player'; no destructor called
  c:\users\admin\desktop\game - p4\player\source code\playerhandler.h(2): note: see declaration of 'Player'
c:\users\admin\desktop\game - p4\player\source code\playerhandler.h(15): warning C4150: deletion of pointer to incomplete type 'PlayerState'; no destructor called
  c:\users\admin\desktop\game - p4\player\source code\playerhandler.h(3): note: see declaration of 'PlayerState'
c:\users\admin\desktop\game - p4\player\source code\playerhandler.h(36): warning C4150: deletion of pointer to incomplete type 'PlayerState'; no destructor called
  c:\users\admin\desktop\game - p4\player\source code\playerhandler.h(3): note: see declaration of 'PlayerState'
  PlayerClimbingState.cpp
  c:\program files (x86)\microsoft directx sdk (june 2010)\include\dinput.h: DIRECTINPUT_VERSION undefined. Defaulting to version 0x0800
c:\users\admin\desktop\game - p4\player\source code\gameglobal.h(59): warning C4091: 'extern ': ignored on left of 'Tag' when no variable is declared
c:\users\admin\desktop\game - p4\player\source code\gameglobal.h(66): warning C4091: 'extern ': ignored on left of 'Type' when no variable is declared
c:\users\admin\desktop\game - p4\player\source code\gameglobal.h(84): warning C4091: 'extern ': ignored on left of 'State' when no variable is declared
c:\users\admin\desktop\game - p4\player\source code\playerhandler.h(14): warning C4150: deletion of pointer to incomplete type 'Player'; no destructor called
  c:\users\admin\desktop\game - p4\player\source code\playerhandler.h(2): note: see declaration of 'Player'
c:\users\admin\desktop\game - p4\player\source code\playerhandler.h(15): warning C4150: deletion of pointer to incomplete type 'PlayerState'; no destructor called
  c:\users\admin\desktop\game - p4\player\source code\playerhandler.h(3): note: see declaration of 'PlayerState'
c:\users\admin\desktop\game - p4\player\source code\playerhandler.h(36): warning C4150: deletion of pointer to incomplete type 'PlayerState'; no destructor called
  c:\users\admin\desktop\game - p4\player\source code\playerhandler.h(3): note: see declaration of 'PlayerState'
c:\users\admin\desktop\game - p4\player\source code\playerclimbingstate.cpp(14): warning C4244: 'argument': conversion from 'int' to 'float', possible loss of data
  PlayerClingingState.cpp
  c:\program files (x86)\microsoft directx sdk (june 2010)\include\dinput.h: DIRECTINPUT_VERSION undefined. Defaulting to version 0x0800
c:\users\admin\desktop\game - p4\player\source code\gameglobal.h(59): warning C4091: 'extern ': ignored on left of 'Tag' when no variable is declared
c:\users\admin\desktop\game - p4\player\source code\gameglobal.h(66): warning C4091: 'extern ': ignored on left of 'Type' when no variable is declared
c:\users\admin\desktop\game - p4\player\source code\gameglobal.h(84): warning C4091: 'extern ': ignored on left of 'State' when no variable is declared
c:\users\admin\desktop\game - p4\player\source code\playerhandler.h(14): warning C4150: deletion of pointer to incomplete type 'Player'; no destructor called
  c:\users\admin\desktop\game - p4\player\source code\playerhandler.h(2): note: see declaration of 'Player'
c:\users\admin\desktop\game - p4\player\source code\playerhandler.h(15): warning C4150: deletion of pointer to incomplete type 'PlayerState'; no destructor called
  c:\users\admin\desktop\game - p4\player\source code\playerhandler.h(3): note: see declaration of 'PlayerState'
c:\users\admin\desktop\game - p4\player\source code\playerhandler.h(36): warning C4150: deletion of pointer to incomplete type 'PlayerState'; no destructor called
  c:\users\admin\desktop\game - p4\player\source code\playerhandler.h(3): note: see declaration of 'PlayerState'
  PlayerDeadState.cpp
  c:\program files (x86)\microsoft directx sdk (june 2010)\include\dinput.h: DIRECTINPUT_VERSION undefined. Defaulting to version 0x0800
c:\users\admin\desktop\game - p4\player\source code\gameglobal.h(59): warning C4091: 'extern ': ignored on left of 'Tag' when no variable is declared
c:\users\admin\desktop\game - p4\player\source code\gameglobal.h(66): warning C4091: 'extern ': ignored on left of 'Type' when no variable is declared
c:\users\admin\desktop\game - p4\player\source code\gameglobal.h(84): warning C4091: 'extern ': ignored on left of 'State' when no variable is declared
c:\users\admin\desktop\game - p4\player\source code\playerhandler.h(14): warning C4150: deletion of pointer to incomplete type 'Player'; no destructor called
  c:\users\admin\desktop\game - p4\player\source code\playerhandler.h(2): note: see declaration of 'Player'
c:\users\admin\desktop\game - p4\player\source code\playerhandler.h(15): warning C4150: deletion of pointer to incomplete type 'PlayerState'; no destructor called
  c:\users\admin\desktop\game - p4\player\source code\playerhandler.h(3): note: see declaration of 'PlayerState'
c:\users\admin\desktop\game - p4\player\source code\playerhandler.h(36): warning C4150: deletion of pointer to incomplete type 'PlayerState'; no destructor called
  c:\users\admin\desktop\game - p4\player\source code\playerhandler.h(3): note: see declaration of 'PlayerState'
  PlayerFallingState.cpp
  c:\program files (x86)\microsoft directx sdk (june 2010)\include\dinput.h: DIRECTINPUT_VERSION undefined. Defaulting to version 0x0800
c:\users\admin\desktop\game - p4\player\source code\gameglobal.h(59): warning C4091: 'extern ': ignored on left of 'Tag' when no variable is declared
c:\users\admin\desktop\game - p4\player\source code\gameglobal.h(66): warning C4091: 'extern ': ignored on left of 'Type' when no variable is declared
c:\users\admin\desktop\game - p4\player\source code\gameglobal.h(84): warning C4091: 'extern ': ignored on left of 'State' when no variable is declared
c:\users\admin\desktop\game - p4\player\source code\playerhandler.h(14): warning C4150: deletion of pointer to incomplete type 'Player'; no destructor called
  c:\users\admin\desktop\game - p4\player\source code\playerhandler.h(2): note: see declaration of 'Player'
c:\users\admin\desktop\game - p4\player\source code\playerhandler.h(15): warning C4150: deletion of pointer to incomplete type 'PlayerState'; no destructor called
  c:\users\admin\desktop\game - p4\player\source code\playerhandler.h(3): note: see declaration of 'PlayerState'
c:\users\admin\desktop\game - p4\player\source code\playerhandler.h(36): warning C4150: deletion of pointer to incomplete type 'PlayerState'; no destructor called
  c:\users\admin\desktop\game - p4\player\source code\playerhandler.h(3): note: see declaration of 'PlayerState'
  PlayerInjuredState.cpp
  c:\program files (x86)\microsoft directx sdk (june 2010)\include\dinput.h: DIRECTINPUT_VERSION undefined. Defaulting to version 0x0800
c:\users\admin\desktop\game - p4\player\source code\gameglobal.h(59): warning C4091: 'extern ': ignored on left of 'Tag' when no variable is declared
c:\users\admin\desktop\game - p4\player\source code\gameglobal.h(66): warning C4091: 'extern ': ignored on left of 'Type' when no variable is declared
c:\users\admin\desktop\game - p4\player\source code\gameglobal.h(84): warning C4091: 'extern ': ignored on left of 'State' when no variable is declared
c:\users\admin\desktop\game - p4\player\source code\playerhandler.h(14): warning C4150: deletion of pointer to incomplete type 'Player'; no destructor called
  c:\users\admin\desktop\game - p4\player\source code\playerhandler.h(2): note: see declaration of 'Player'
c:\users\admin\desktop\game - p4\player\source code\playerhandler.h(15): warning C4150: deletion of pointer to incomplete type 'PlayerState'; no destructor called
  c:\users\admin\desktop\game - p4\player\source code\playerhandler.h(3): note: see declaration of 'PlayerState'
c:\users\admin\desktop\game - p4\player\source code\playerhandler.h(36): warning C4150: deletion of pointer to incomplete type 'PlayerState'; no destructor called
  c:\users\admin\desktop\game - p4\player\source code\playerhandler.h(3): note: see declaration of 'PlayerState'
  Generating Code...
  Compiling...
  PlayerJumpingState.cpp
  c:\program files (x86)\microsoft directx sdk (june 2010)\include\dinput.h: DIRECTINPUT_VERSION undefined. Defaulting to version 0x0800
c:\users\admin\desktop\game - p4\player\source code\gameglobal.h(59): warning C4091: 'extern ': ignored on left of 'Tag' when no variable is declared
c:\users\admin\desktop\game - p4\player\source code\gameglobal.h(66): warning C4091: 'extern ': ignored on left of 'Type' when no variable is declared
c:\users\admin\desktop\game - p4\player\source code\gameglobal.h(84): warning C4091: 'extern ': ignored on left of 'State' when no variable is declared
c:\users\admin\desktop\game - p4\player\source code\playerhandler.h(14): warning C4150: deletion of pointer to incomplete type 'Player'; no destructor called
  c:\users\admin\desktop\game - p4\player\source code\playerhandler.h(2): note: see declaration of 'Player'
c:\users\admin\desktop\game - p4\player\source code\playerhandler.h(15): warning C4150: deletion of pointer to incomplete type 'PlayerState'; no destructor called
  c:\users\admin\desktop\game - p4\player\source code\playerhandler.h(3): note: see declaration of 'PlayerState'
c:\users\admin\desktop\game - p4\player\source code\playerhandler.h(36): warning C4150: deletion of pointer to incomplete type 'PlayerState'; no destructor called
  c:\users\admin\desktop\game - p4\player\source code\playerhandler.h(3): note: see declaration of 'PlayerState'
  PlayerRunningState.cpp
  c:\program files (x86)\microsoft directx sdk (june 2010)\include\dinput.h: DIRECTINPUT_VERSION undefined. Defaulting to version 0x0800
c:\users\admin\desktop\game - p4\player\source code\gameglobal.h(59): warning C4091: 'extern ': ignored on left of 'Tag' when no variable is declared
c:\users\admin\desktop\game - p4\player\source code\gameglobal.h(66): warning C4091: 'extern ': ignored on left of 'Type' when no variable is declared
c:\users\admin\desktop\game - p4\player\source code\gameglobal.h(84): warning C4091: 'extern ': ignored on left of 'State' when no variable is declared
c:\users\admin\desktop\game - p4\player\source code\playerhandler.h(14): warning C4150: deletion of pointer to incomplete type 'Player'; no destructor called
  c:\users\admin\desktop\game - p4\player\source code\playerhandler.h(2): note: see declaration of 'Player'
c:\users\admin\desktop\game - p4\player\source code\playerhandler.h(15): warning C4150: deletion of pointer to incomplete type 'PlayerState'; no destructor called
  c:\users\admin\desktop\game - p4\player\source code\playerhandler.h(3): note: see declaration of 'PlayerState'
c:\users\admin\desktop\game - p4\player\source code\playerhandler.h(36): warning C4150: deletion of pointer to incomplete type 'PlayerState'; no destructor called
  c:\users\admin\desktop\game - p4\player\source code\playerhandler.h(3): note: see declaration of 'PlayerState'
  PlayerSittingState.cpp
  c:\program files (x86)\microsoft directx sdk (june 2010)\include\dinput.h: DIRECTINPUT_VERSION undefined. Defaulting to version 0x0800
c:\users\admin\desktop\game - p4\player\source code\gameglobal.h(59): warning C4091: 'extern ': ignored on left of 'Tag' when no variable is declared
c:\users\admin\desktop\game - p4\player\source code\gameglobal.h(66): warning C4091: 'extern ': ignored on left of 'Type' when no variable is declared
c:\users\admin\desktop\game - p4\player\source code\gameglobal.h(84): warning C4091: 'extern ': ignored on left of 'State' when no variable is declared
c:\users\admin\desktop\game - p4\player\source code\playerhandler.h(14): warning C4150: deletion of pointer to incomplete type 'Player'; no destructor called
  c:\users\admin\desktop\game - p4\player\source code\playerhandler.h(2): note: see declaration of 'Player'
c:\users\admin\desktop\game - p4\player\source code\playerhandler.h(15): warning C4150: deletion of pointer to incomplete type 'PlayerState'; no destructor called
  c:\users\admin\desktop\game - p4\player\source code\playerhandler.h(3): note: see declaration of 'PlayerState'
c:\users\admin\desktop\game - p4\player\source code\playerhandler.h(36): warning C4150: deletion of pointer to incomplete type 'PlayerState'; no destructor called
  c:\users\admin\desktop\game - p4\player\source code\playerhandler.h(3): note: see declaration of 'PlayerState'
  PlayerSprite.cpp
  c:\program files (x86)\microsoft directx sdk (june 2010)\include\dinput.h: DIRECTINPUT_VERSION undefined. Defaulting to version 0x0800
c:\users\admin\desktop\game - p4\player\source code\gameglobal.h(59): warning C4091: 'extern ': ignored on left of 'Tag' when no variable is declared
c:\users\admin\desktop\game - p4\player\source code\gameglobal.h(66): warning C4091: 'extern ': ignored on left of 'Type' when no variable is declared
c:\users\admin\desktop\game - p4\player\source code\gameglobal.h(84): warning C4091: 'extern ': ignored on left of 'State' when no variable is declared
  PlayerStandingState.cpp
  c:\program files (x86)\microsoft directx sdk (june 2010)\include\dinput.h: DIRECTINPUT_VERSION undefined. Defaulting to version 0x0800
c:\users\admin\desktop\game - p4\player\source code\gameglobal.h(59): warning C4091: 'extern ': ignored on left of 'Tag' when no variable is declared
c:\users\admin\desktop\game - p4\player\source code\gameglobal.h(66): warning C4091: 'extern ': ignored on left of 'Type' when no variable is declared
c:\users\admin\desktop\game - p4\player\source code\gameglobal.h(84): warning C4091: 'extern ': ignored on left of 'State' when no variable is declared
c:\users\admin\desktop\game - p4\player\source code\playerhandler.h(14): warning C4150: deletion of pointer to incomplete type 'Player'; no destructor called
  c:\users\admin\desktop\game - p4\player\source code\playerhandler.h(2): note: see declaration of 'Player'
c:\users\admin\desktop\game - p4\player\source code\playerhandler.h(15): warning C4150: deletion of pointer to incomplete type 'PlayerState'; no destructor called
  c:\users\admin\desktop\game - p4\player\source code\playerhandler.h(3): note: see declaration of 'PlayerState'
c:\users\admin\desktop\game - p4\player\source code\playerhandler.h(36): warning C4150: deletion of pointer to incomplete type 'PlayerState'; no destructor called
  c:\users\admin\desktop\game - p4\player\source code\playerhandler.h(3): note: see declaration of 'PlayerState'
  Scene.cpp
  c:\program files (x86)\microsoft directx sdk (june 2010)\include\dinput.h: DIRECTINPUT_VERSION undefined. Defaulting to version 0x0800
c:\users\admin\desktop\game - p4\player\source code\gameglobal.h(59): warning C4091: 'extern ': ignored on left of 'Tag' when no variable is declared
c:\users\admin\desktop\game - p4\player\source code\gameglobal.h(66): warning C4091: 'extern ': ignored on left of 'Type' when no variable is declared
c:\users\admin\desktop\game - p4\player\source code\gameglobal.h(84): warning C4091: 'extern ': ignored on left of 'State' when no variable is declared
  SceneManager.cpp
  c:\program files (x86)\microsoft directx sdk (june 2010)\include\dinput.h: DIRECTINPUT_VERSION undefined. Defaulting to version 0x0800
c:\users\admin\desktop\game - p4\player\source code\gameglobal.h(59): warning C4091: 'extern ': ignored on left of 'Tag' when no variable is declared
c:\users\admin\desktop\game - p4\player\source code\gameglobal.h(66): warning C4091: 'extern ': ignored on left of 'Type' when no variable is declared
c:\users\admin\desktop\game - p4\player\source code\gameglobal.h(84): warning C4091: 'extern ': ignored on left of 'State' when no variable is declared
  Sprite.cpp
  c:\program files (x86)\microsoft directx sdk (june 2010)\include\dinput.h: DIRECTINPUT_VERSION undefined. Defaulting to version 0x0800
c:\users\admin\desktop\game - p4\player\source code\gameglobal.h(59): warning C4091: 'extern ': ignored on left of 'Tag' when no variable is declared
c:\users\admin\desktop\game - p4\player\source code\gameglobal.h(66): warning C4091: 'extern ': ignored on left of 'Type' when no variable is declared
c:\users\admin\desktop\game - p4\player\source code\gameglobal.h(84): warning C4091: 'extern ': ignored on left of 'State' when no variable is declared
c:\users\admin\desktop\game - p4\player\source code\sprite.cpp(47): warning C4244: 'argument': conversion from 'int' to 'FLOAT', possible loss of data
c:\users\admin\desktop\game - p4\player\source code\sprite.cpp(49): warning C4244: 'argument': conversion from 'int' to 'FLOAT', possible loss of data
c:\users\admin\desktop\game - p4\player\source code\sprite.cpp(52): warning C4244: 'argument': conversion from 'int' to 'FLOAT', possible loss of data
  SpriteFactory.cpp
  c:\program files (x86)\microsoft directx sdk (june 2010)\include\dinput.h: DIRECTINPUT_VERSION undefined. Defaulting to version 0x0800
c:\users\admin\desktop\game - p4\player\source code\gameglobal.h(59): warning C4091: 'extern ': ignored on left of 'Tag' when no variable is declared
c:\users\admin\desktop\game - p4\player\source code\gameglobal.h(66): warning C4091: 'extern ': ignored on left of 'Type' when no variable is declared
c:\users\admin\desktop\game - p4\player\source code\gameglobal.h(84): warning C4091: 'extern ': ignored on left of 'State' when no variable is declared
  TextureFactory.cpp
  c:\program files (x86)\microsoft directx sdk (june 2010)\include\dinput.h: DIRECTINPUT_VERSION undefined. Defaulting to version 0x0800
c:\users\admin\desktop\game - p4\player\source code\gameglobal.h(59): warning C4091: 'extern ': ignored on left of 'Tag' when no variable is declared
c:\users\admin\desktop\game - p4\player\source code\gameglobal.h(66): warning C4091: 'extern ': ignored on left of 'Type' when no variable is declared
c:\users\admin\desktop\game - p4\player\source code\gameglobal.h(84): warning C4091: 'extern ': ignored on left of 'State' when no variable is declared
  main.cpp
  c:\program files (x86)\microsoft directx sdk (june 2010)\include\dinput.h: DIRECTINPUT_VERSION undefined. Defaulting to version 0x0800
c:\users\admin\desktop\game - p4\player\source code\gameglobal.h(59): warning C4091: 'extern ': ignored on left of 'Tag' when no variable is declared
c:\users\admin\desktop\game - p4\player\source code\gameglobal.h(66): warning C4091: 'extern ': ignored on left of 'Type' when no variable is declared
c:\users\admin\desktop\game - p4\player\source code\gameglobal.h(84): warning C4091: 'extern ': ignored on left of 'State' when no variable is declared
c:\users\admin\desktop\game - p4\player\source code\playerhandler.h(14): warning C4150: deletion of pointer to incomplete type 'Player'; no destructor called
  c:\users\admin\desktop\game - p4\player\source code\playerhandler.h(2): note: see declaration of 'Player'
c:\users\admin\desktop\game - p4\player\source code\playerhandler.h(15): warning C4150: deletion of pointer to incomplete type 'PlayerState'; no destructor called
  c:\users\admin\desktop\game - p4\player\source code\playerhandler.h(3): note: see declaration of 'PlayerState'
c:\users\admin\desktop\game - p4\player\source code\playerhandler.h(36): warning C4150: deletion of pointer to incomplete type 'PlayerState'; no destructor called
  c:\users\admin\desktop\game - p4\player\source code\playerhandler.h(3): note: see declaration of 'PlayerState'
  Generating Code...
  Game.vcxproj -> C:\Users\Admin\Desktop\Game - P4\Player\Source code\Debug\Game.exe
