  Animation.cpp
  c:\program files (x86)\microsoft directx sdk (june 2010)\include\dinput.h: DIRECTINPUT_VERSION undefined. Defaulting to version 0x0800
c:\users\admin\desktop\game - p4\player\source code\gameglobal.h(18): warning C4005: 'DIRECTINPUT_VERSION': macro redefinition
  c:\program files (x86)\microsoft directx sdk (june 2010)\include\dinput.h(42): note: see previous definition of 'DIRECTINPUT_VERSION'
c:\users\admin\desktop\game - p4\player\source code\gameglobal.h(57): warning C4091: 'extern ': ignored on left of 'Tag' when no variable is declared
c:\users\admin\desktop\game - p4\player\source code\gameglobal.h(64): warning C4091: 'extern ': ignored on left of 'Type' when no variable is declared
c:\users\admin\desktop\game - p4\player\source code\gameglobal.h(82): warning C4091: 'extern ': ignored on left of 'State' when no variable is declared
c:\users\admin\desktop\game - p4\player\source code\animation.cpp(29): warning C4244: '+=': conversion from 'float' to 'int', possible loss of data
c:\users\admin\desktop\game - p4\player\source code\animation.cpp(43): warning C4267: '=': conversion from 'size_t' to 'int', possible loss of data
  Game.cpp
  c:\program files (x86)\microsoft directx sdk (june 2010)\include\dinput.h: DIRECTINPUT_VERSION undefined. Defaulting to version 0x0800
c:\users\admin\desktop\game - p4\player\source code\gameglobal.h(18): warning C4005: 'DIRECTINPUT_VERSION': macro redefinition
  c:\program files (x86)\microsoft directx sdk (june 2010)\include\dinput.h(42): note: see previous definition of 'DIRECTINPUT_VERSION'
c:\users\admin\desktop\game - p4\player\source code\gameglobal.h(57): warning C4091: 'extern ': ignored on left of 'Tag' when no variable is declared
c:\users\admin\desktop\game - p4\player\source code\gameglobal.h(64): warning C4091: 'extern ': ignored on left of 'Type' when no variable is declared
c:\users\admin\desktop\game - p4\player\source code\gameglobal.h(82): warning C4091: 'extern ': ignored on left of 'State' when no variable is declared
c:\users\admin\desktop\game - p4\player\source code\playerhandler.h(14): warning C4150: deletion of pointer to incomplete type 'Player'; no destructor called
  c:\users\admin\desktop\game - p4\player\source code\playerhandler.h(2): note: see declaration of 'Player'
c:\users\admin\desktop\game - p4\player\source code\playerhandler.h(15): warning C4150: deletion of pointer to incomplete type 'PlayerState'; no destructor called
  c:\users\admin\desktop\game - p4\player\source code\playerhandler.h(3): note: see declaration of 'PlayerState'
c:\users\admin\desktop\game - p4\player\source code\playerhandler.h(36): warning C4150: deletion of pointer to incomplete type 'PlayerState'; no destructor called
  c:\users\admin\desktop\game - p4\player\source code\playerhandler.h(3): note: see declaration of 'PlayerState'
c:\users\admin\desktop\game - p4\player\source code\game.cpp(107): warning C4018: '>=': signed/unsigned mismatch
c:\users\admin\desktop\game - p4\player\source code\game.cpp(111): warning C4244: 'argument': conversion from 'unsigned long' to 'float', possible loss of data
c:\users\admin\desktop\game - p4\player\source code\game.cpp(146): warning C4312: 'type cast': conversion from 'LONG' to 'HINSTANCE' of greater size
  GameGlobal.cpp
  c:\program files (x86)\microsoft directx sdk (june 2010)\include\dinput.h: DIRECTINPUT_VERSION undefined. Defaulting to version 0x0800
c:\users\admin\desktop\game - p4\player\source code\gameglobal.h(18): warning C4005: 'DIRECTINPUT_VERSION': macro redefinition
  c:\program files (x86)\microsoft directx sdk (june 2010)\include\dinput.h(42): note: see previous definition of 'DIRECTINPUT_VERSION'
c:\users\admin\desktop\game - p4\player\source code\gameglobal.h(57): warning C4091: 'extern ': ignored on left of 'Tag' when no variable is declared
c:\users\admin\desktop\game - p4\player\source code\gameglobal.h(64): warning C4091: 'extern ': ignored on left of 'Type' when no variable is declared
c:\users\admin\desktop\game - p4\player\source code\gameglobal.h(82): warning C4091: 'extern ': ignored on left of 'State' when no variable is declared
  Object.cpp
  c:\program files (x86)\microsoft directx sdk (june 2010)\include\dinput.h: DIRECTINPUT_VERSION undefined. Defaulting to version 0x0800
c:\users\admin\desktop\game - p4\player\source code\gameglobal.h(18): warning C4005: 'DIRECTINPUT_VERSION': macro redefinition
  c:\program files (x86)\microsoft directx sdk (june 2010)\include\dinput.h(42): note: see previous definition of 'DIRECTINPUT_VERSION'
c:\users\admin\desktop\game - p4\player\source code\gameglobal.h(57): warning C4091: 'extern ': ignored on left of 'Tag' when no variable is declared
c:\users\admin\desktop\game - p4\player\source code\gameglobal.h(64): warning C4091: 'extern ': ignored on left of 'Type' when no variable is declared
c:\users\admin\desktop\game - p4\player\source code\gameglobal.h(82): warning C4091: 'extern ': ignored on left of 'State' when no variable is declared
  ObjectItem.cpp
  c:\program files (x86)\microsoft directx sdk (june 2010)\include\dinput.h: DIRECTINPUT_VERSION undefined. Defaulting to version 0x0800
c:\users\admin\desktop\game - p4\player\source code\gameglobal.h(18): warning C4005: 'DIRECTINPUT_VERSION': macro redefinition
  c:\program files (x86)\microsoft directx sdk (june 2010)\include\dinput.h(42): note: see previous definition of 'DIRECTINPUT_VERSION'
c:\users\admin\desktop\game - p4\player\source code\gameglobal.h(57): warning C4091: 'extern ': ignored on left of 'Tag' when no variable is declared
c:\users\admin\desktop\game - p4\player\source code\gameglobal.h(64): warning C4091: 'extern ': ignored on left of 'Type' when no variable is declared
c:\users\admin\desktop\game - p4\player\source code\gameglobal.h(82): warning C4091: 'extern ': ignored on left of 'State' when no variable is declared
  ObjectItemShuriken.cpp
  c:\program files (x86)\microsoft directx sdk (june 2010)\include\dinput.h: DIRECTINPUT_VERSION undefined. Defaulting to version 0x0800
c:\users\admin\desktop\game - p4\player\source code\gameglobal.h(18): warning C4005: 'DIRECTINPUT_VERSION': macro redefinition
  c:\program files (x86)\microsoft directx sdk (june 2010)\include\dinput.h(42): note: see previous definition of 'DIRECTINPUT_VERSION'
c:\users\admin\desktop\game - p4\player\source code\gameglobal.h(57): warning C4091: 'extern ': ignored on left of 'Tag' when no variable is declared
c:\users\admin\desktop\game - p4\player\source code\gameglobal.h(64): warning C4091: 'extern ': ignored on left of 'Type' when no variable is declared
c:\users\admin\desktop\game - p4\player\source code\gameglobal.h(82): warning C4091: 'extern ': ignored on left of 'State' when no variable is declared
  ObjectItemSprite.cpp
  c:\program files (x86)\microsoft directx sdk (june 2010)\include\dinput.h: DIRECTINPUT_VERSION undefined. Defaulting to version 0x0800
c:\users\admin\desktop\game - p4\player\source code\gameglobal.h(18): warning C4005: 'DIRECTINPUT_VERSION': macro redefinition
  c:\program files (x86)\microsoft directx sdk (june 2010)\include\dinput.h(42): note: see previous definition of 'DIRECTINPUT_VERSION'
c:\users\admin\desktop\game - p4\player\source code\gameglobal.h(57): warning C4091: 'extern ': ignored on left of 'Tag' when no variable is declared
c:\users\admin\desktop\game - p4\player\source code\gameglobal.h(64): warning C4091: 'extern ': ignored on left of 'Type' when no variable is declared
c:\users\admin\desktop\game - p4\player\source code\gameglobal.h(82): warning C4091: 'extern ': ignored on left of 'State' when no variable is declared
  ObjectItemSwingSword.cpp
  c:\program files (x86)\microsoft directx sdk (june 2010)\include\dinput.h: DIRECTINPUT_VERSION undefined. Defaulting to version 0x0800
c:\users\admin\desktop\game - p4\player\source code\gameglobal.h(18): warning C4005: 'DIRECTINPUT_VERSION': macro redefinition
  c:\program files (x86)\microsoft directx sdk (june 2010)\include\dinput.h(42): note: see previous definition of 'DIRECTINPUT_VERSION'
c:\users\admin\desktop\game - p4\player\source code\gameglobal.h(57): warning C4091: 'extern ': ignored on left of 'Tag' when no variable is declared
c:\users\admin\desktop\game - p4\player\source code\gameglobal.h(64): warning C4091: 'extern ': ignored on left of 'Type' when no variable is declared
c:\users\admin\desktop\game - p4\player\source code\gameglobal.h(82): warning C4091: 'extern ': ignored on left of 'State' when no variable is declared
  ObjectItemSword.cpp
  c:\program files (x86)\microsoft directx sdk (june 2010)\include\dinput.h: DIRECTINPUT_VERSION undefined. Defaulting to version 0x0800
c:\users\admin\desktop\game - p4\player\source code\gameglobal.h(18): warning C4005: 'DIRECTINPUT_VERSION': macro redefinition
  c:\program files (x86)\microsoft directx sdk (june 2010)\include\dinput.h(42): note: see previous definition of 'DIRECTINPUT_VERSION'
c:\users\admin\desktop\game - p4\player\source code\gameglobal.h(57): warning C4091: 'extern ': ignored on left of 'Tag' when no variable is declared
c:\users\admin\desktop\game - p4\player\source code\gameglobal.h(64): warning C4091: 'extern ': ignored on left of 'Type' when no variable is declared
c:\users\admin\desktop\game - p4\player\source code\gameglobal.h(82): warning C4091: 'extern ': ignored on left of 'State' when no variable is declared
  PlayScene.cpp
  c:\program files (x86)\microsoft directx sdk (june 2010)\include\dinput.h: DIRECTINPUT_VERSION undefined. Defaulting to version 0x0800
c:\users\admin\desktop\game - p4\player\source code\gameglobal.h(18): warning C4005: 'DIRECTINPUT_VERSION': macro redefinition
  c:\program files (x86)\microsoft directx sdk (june 2010)\include\dinput.h(42): note: see previous definition of 'DIRECTINPUT_VERSION'
c:\users\admin\desktop\game - p4\player\source code\gameglobal.h(57): warning C4091: 'extern ': ignored on left of 'Tag' when no variable is declared
c:\users\admin\desktop\game - p4\player\source code\gameglobal.h(64): warning C4091: 'extern ': ignored on left of 'Type' when no variable is declared
c:\users\admin\desktop\game - p4\player\source code\gameglobal.h(82): warning C4091: 'extern ': ignored on left of 'State' when no variable is declared
c:\users\admin\desktop\game - p4\player\source code\playerhandler.h(14): warning C4150: deletion of pointer to incomplete type 'Player'; no destructor called
  c:\users\admin\desktop\game - p4\player\source code\playerhandler.h(2): note: see declaration of 'Player'
c:\users\admin\desktop\game - p4\player\source code\playerhandler.h(15): warning C4150: deletion of pointer to incomplete type 'PlayerState'; no destructor called
  c:\users\admin\desktop\game - p4\player\source code\playerhandler.h(3): note: see declaration of 'PlayerState'
c:\users\admin\desktop\game - p4\player\source code\playerhandler.h(36): warning C4150: deletion of pointer to incomplete type 'PlayerState'; no destructor called
  c:\users\admin\desktop\game - p4\player\source code\playerhandler.h(3): note: see declaration of 'PlayerState'
  Player.cpp
  c:\program files (x86)\microsoft directx sdk (june 2010)\include\dinput.h: DIRECTINPUT_VERSION undefined. Defaulting to version 0x0800
c:\users\admin\desktop\game - p4\player\source code\gameglobal.h(18): warning C4005: 'DIRECTINPUT_VERSION': macro redefinition
  c:\program files (x86)\microsoft directx sdk (june 2010)\include\dinput.h(42): note: see previous definition of 'DIRECTINPUT_VERSION'
c:\users\admin\desktop\game - p4\player\source code\gameglobal.h(57): warning C4091: 'extern ': ignored on left of 'Tag' when no variable is declared
c:\users\admin\desktop\game - p4\player\source code\gameglobal.h(64): warning C4091: 'extern ': ignored on left of 'Type' when no variable is declared
c:\users\admin\desktop\game - p4\player\source code\gameglobal.h(82): warning C4091: 'extern ': ignored on left of 'State' when no variable is declared
c:\users\admin\desktop\game - p4\player\source code\playerhandler.h(14): warning C4150: deletion of pointer to incomplete type 'Player'; no destructor called
  c:\users\admin\desktop\game - p4\player\source code\playerhandler.h(2): note: see declaration of 'Player'
c:\users\admin\desktop\game - p4\player\source code\playerhandler.h(15): warning C4150: deletion of pointer to incomplete type 'PlayerState'; no destructor called
  c:\users\admin\desktop\game - p4\player\source code\playerhandler.h(3): note: see declaration of 'PlayerState'
c:\users\admin\desktop\game - p4\player\source code\playerhandler.h(36): warning C4150: deletion of pointer to incomplete type 'PlayerState'; no destructor called
  c:\users\admin\desktop\game - p4\player\source code\playerhandler.h(3): note: see declaration of 'PlayerState'
c:\users\admin\desktop\game - p4\player\source code\player.cpp(81): warning C4244: '=': conversion from 'float' to 'LONG', possible loss of data
c:\users\admin\desktop\game - p4\player\source code\player.cpp(83): warning C4244: '=': conversion from 'float' to 'LONG', possible loss of data
  PlayerAttackingState.cpp
  c:\program files (x86)\microsoft directx sdk (june 2010)\include\dinput.h: DIRECTINPUT_VERSION undefined. Defaulting to version 0x0800
c:\users\admin\desktop\game - p4\player\source code\gameglobal.h(18): warning C4005: 'DIRECTINPUT_VERSION': macro redefinition
  c:\program files (x86)\microsoft directx sdk (june 2010)\include\dinput.h(42): note: see previous definition of 'DIRECTINPUT_VERSION'
c:\users\admin\desktop\game - p4\player\source code\gameglobal.h(57): warning C4091: 'extern ': ignored on left of 'Tag' when no variable is declared
c:\users\admin\desktop\game - p4\player\source code\gameglobal.h(64): warning C4091: 'extern ': ignored on left of 'Type' when no variable is declared
c:\users\admin\desktop\game - p4\player\source code\gameglobal.h(82): warning C4091: 'extern ': ignored on left of 'State' when no variable is declared
c:\users\admin\desktop\game - p4\player\source code\playerhandler.h(14): warning C4150: deletion of pointer to incomplete type 'Player'; no destructor called
  c:\users\admin\desktop\game - p4\player\source code\playerhandler.h(2): note: see declaration of 'Player'
c:\users\admin\desktop\game - p4\player\source code\playerhandler.h(15): warning C4150: deletion of pointer to incomplete type 'PlayerState'; no destructor called
  c:\users\admin\desktop\game - p4\player\source code\playerhandler.h(3): note: see declaration of 'PlayerState'
c:\users\admin\desktop\game - p4\player\source code\playerhandler.h(36): warning C4150: deletion of pointer to incomplete type 'PlayerState'; no destructor called
  c:\users\admin\desktop\game - p4\player\source code\playerhandler.h(3): note: see declaration of 'PlayerState'
  PlayerClimbingState.cpp
  c:\program files (x86)\microsoft directx sdk (june 2010)\include\dinput.h: DIRECTINPUT_VERSION undefined. Defaulting to version 0x0800
c:\users\admin\desktop\game - p4\player\source code\gameglobal.h(18): warning C4005: 'DIRECTINPUT_VERSION': macro redefinition
  c:\program files (x86)\microsoft directx sdk (june 2010)\include\dinput.h(42): note: see previous definition of 'DIRECTINPUT_VERSION'
c:\users\admin\desktop\game - p4\player\source code\gameglobal.h(57): warning C4091: 'extern ': ignored on left of 'Tag' when no variable is declared
c:\users\admin\desktop\game - p4\player\source code\gameglobal.h(64): warning C4091: 'extern ': ignored on left of 'Type' when no variable is declared
c:\users\admin\desktop\game - p4\player\source code\gameglobal.h(82): warning C4091: 'extern ': ignored on left of 'State' when no variable is declared
c:\users\admin\desktop\game - p4\player\source code\playerhandler.h(14): warning C4150: deletion of pointer to incomplete type 'Player'; no destructor called
  c:\users\admin\desktop\game - p4\player\source code\playerhandler.h(2): note: see declaration of 'Player'
c:\users\admin\desktop\game - p4\player\source code\playerhandler.h(15): warning C4150: deletion of pointer to incomplete type 'PlayerState'; no destructor called
  c:\users\admin\desktop\game - p4\player\source code\playerhandler.h(3): note: see declaration of 'PlayerState'
c:\users\admin\desktop\game - p4\player\source code\playerhandler.h(36): warning C4150: deletion of pointer to incomplete type 'PlayerState'; no destructor called
  c:\users\admin\desktop\game - p4\player\source code\playerhandler.h(3): note: see declaration of 'PlayerState'
c:\users\admin\desktop\game - p4\player\source code\playerclimbingstate.cpp(14): warning C4244: 'argument': conversion from 'int' to 'float', possible loss of data
  PlayerClingingState.cpp
  c:\program files (x86)\microsoft directx sdk (june 2010)\include\dinput.h: DIRECTINPUT_VERSION undefined. Defaulting to version 0x0800
c:\users\admin\desktop\game - p4\player\source code\gameglobal.h(18): warning C4005: 'DIRECTINPUT_VERSION': macro redefinition
  c:\program files (x86)\microsoft directx sdk (june 2010)\include\dinput.h(42): note: see previous definition of 'DIRECTINPUT_VERSION'
c:\users\admin\desktop\game - p4\player\source code\gameglobal.h(57): warning C4091: 'extern ': ignored on left of 'Tag' when no variable is declared
c:\users\admin\desktop\game - p4\player\source code\gameglobal.h(64): warning C4091: 'extern ': ignored on left of 'Type' when no variable is declared
c:\users\admin\desktop\game - p4\player\source code\gameglobal.h(82): warning C4091: 'extern ': ignored on left of 'State' when no variable is declared
c:\users\admin\desktop\game - p4\player\source code\playerhandler.h(14): warning C4150: deletion of pointer to incomplete type 'Player'; no destructor called
  c:\users\admin\desktop\game - p4\player\source code\playerhandler.h(2): note: see declaration of 'Player'
c:\users\admin\desktop\game - p4\player\source code\playerhandler.h(15): warning C4150: deletion of pointer to incomplete type 'PlayerState'; no destructor called
  c:\users\admin\desktop\game - p4\player\source code\playerhandler.h(3): note: see declaration of 'PlayerState'
c:\users\admin\desktop\game - p4\player\source code\playerhandler.h(36): warning C4150: deletion of pointer to incomplete type 'PlayerState'; no destructor called
  c:\users\admin\desktop\game - p4\player\source code\playerhandler.h(3): note: see declaration of 'PlayerState'
  PlayerDeadState.cpp
  c:\program files (x86)\microsoft directx sdk (june 2010)\include\dinput.h: DIRECTINPUT_VERSION undefined. Defaulting to version 0x0800
c:\users\admin\desktop\game - p4\player\source code\gameglobal.h(18): warning C4005: 'DIRECTINPUT_VERSION': macro redefinition
  c:\program files (x86)\microsoft directx sdk (june 2010)\include\dinput.h(42): note: see previous definition of 'DIRECTINPUT_VERSION'
c:\users\admin\desktop\game - p4\player\source code\gameglobal.h(57): warning C4091: 'extern ': ignored on left of 'Tag' when no variable is declared
c:\users\admin\desktop\game - p4\player\source code\gameglobal.h(64): warning C4091: 'extern ': ignored on left of 'Type' when no variable is declared
c:\users\admin\desktop\game - p4\player\source code\gameglobal.h(82): warning C4091: 'extern ': ignored on left of 'State' when no variable is declared
c:\users\admin\desktop\game - p4\player\source code\playerhandler.h(14): warning C4150: deletion of pointer to incomplete type 'Player'; no destructor called
  c:\users\admin\desktop\game - p4\player\source code\playerhandler.h(2): note: see declaration of 'Player'
c:\users\admin\desktop\game - p4\player\source code\playerhandler.h(15): warning C4150: deletion of pointer to incomplete type 'PlayerState'; no destructor called
  c:\users\admin\desktop\game - p4\player\source code\playerhandler.h(3): note: see declaration of 'PlayerState'
c:\users\admin\desktop\game - p4\player\source code\playerhandler.h(36): warning C4150: deletion of pointer to incomplete type 'PlayerState'; no destructor called
  c:\users\admin\desktop\game - p4\player\source code\playerhandler.h(3): note: see declaration of 'PlayerState'
  PlayerFallingState.cpp
  c:\program files (x86)\microsoft directx sdk (june 2010)\include\dinput.h: DIRECTINPUT_VERSION undefined. Defaulting to version 0x0800
c:\users\admin\desktop\game - p4\player\source code\gameglobal.h(18): warning C4005: 'DIRECTINPUT_VERSION': macro redefinition
  c:\program files (x86)\microsoft directx sdk (june 2010)\include\dinput.h(42): note: see previous definition of 'DIRECTINPUT_VERSION'
c:\users\admin\desktop\game - p4\player\source code\gameglobal.h(57): warning C4091: 'extern ': ignored on left of 'Tag' when no variable is declared
c:\users\admin\desktop\game - p4\player\source code\gameglobal.h(64): warning C4091: 'extern ': ignored on left of 'Type' when no variable is declared
c:\users\admin\desktop\game - p4\player\source code\gameglobal.h(82): warning C4091: 'extern ': ignored on left of 'State' when no variable is declared
c:\users\admin\desktop\game - p4\player\source code\playerhandler.h(14): warning C4150: deletion of pointer to incomplete type 'Player'; no destructor called
  c:\users\admin\desktop\game - p4\player\source code\playerhandler.h(2): note: see declaration of 'Player'
c:\users\admin\desktop\game - p4\player\source code\playerhandler.h(15): warning C4150: deletion of pointer to incomplete type 'PlayerState'; no destructor called
  c:\users\admin\desktop\game - p4\player\source code\playerhandler.h(3): note: see declaration of 'PlayerState'
c:\users\admin\desktop\game - p4\player\source code\playerhandler.h(36): warning C4150: deletion of pointer to incomplete type 'PlayerState'; no destructor called
  c:\users\admin\desktop\game - p4\player\source code\playerhandler.h(3): note: see declaration of 'PlayerState'
  PlayerInjuredState.cpp
  c:\program files (x86)\microsoft directx sdk (june 2010)\include\dinput.h: DIRECTINPUT_VERSION undefined. Defaulting to version 0x0800
c:\users\admin\desktop\game - p4\player\source code\gameglobal.h(18): warning C4005: 'DIRECTINPUT_VERSION': macro redefinition
  c:\program files (x86)\microsoft directx sdk (june 2010)\include\dinput.h(42): note: see previous definition of 'DIRECTINPUT_VERSION'
c:\users\admin\desktop\game - p4\player\source code\gameglobal.h(57): warning C4091: 'extern ': ignored on left of 'Tag' when no variable is declared
c:\users\admin\desktop\game - p4\player\source code\gameglobal.h(64): warning C4091: 'extern ': ignored on left of 'Type' when no variable is declared
c:\users\admin\desktop\game - p4\player\source code\gameglobal.h(82): warning C4091: 'extern ': ignored on left of 'State' when no variable is declared
c:\users\admin\desktop\game - p4\player\source code\playerhandler.h(14): warning C4150: deletion of pointer to incomplete type 'Player'; no destructor called
  c:\users\admin\desktop\game - p4\player\source code\playerhandler.h(2): note: see declaration of 'Player'
c:\users\admin\desktop\game - p4\player\source code\playerhandler.h(15): warning C4150: deletion of pointer to incomplete type 'PlayerState'; no destructor called
  c:\users\admin\desktop\game - p4\player\source code\playerhandler.h(3): note: see declaration of 'PlayerState'
c:\users\admin\desktop\game - p4\player\source code\playerhandler.h(36): warning C4150: deletion of pointer to incomplete type 'PlayerState'; no destructor called
  c:\users\admin\desktop\game - p4\player\source code\playerhandler.h(3): note: see declaration of 'PlayerState'
  PlayerJumpingState.cpp
  c:\program files (x86)\microsoft directx sdk (june 2010)\include\dinput.h: DIRECTINPUT_VERSION undefined. Defaulting to version 0x0800
c:\users\admin\desktop\game - p4\player\source code\gameglobal.h(18): warning C4005: 'DIRECTINPUT_VERSION': macro redefinition
  c:\program files (x86)\microsoft directx sdk (june 2010)\include\dinput.h(42): note: see previous definition of 'DIRECTINPUT_VERSION'
c:\users\admin\desktop\game - p4\player\source code\gameglobal.h(57): warning C4091: 'extern ': ignored on left of 'Tag' when no variable is declared
c:\users\admin\desktop\game - p4\player\source code\gameglobal.h(64): warning C4091: 'extern ': ignored on left of 'Type' when no variable is declared
c:\users\admin\desktop\game - p4\player\source code\gameglobal.h(82): warning C4091: 'extern ': ignored on left of 'State' when no variable is declared
c:\users\admin\desktop\game - p4\player\source code\playerhandler.h(14): warning C4150: deletion of pointer to incomplete type 'Player'; no destructor called
  c:\users\admin\desktop\game - p4\player\source code\playerhandler.h(2): note: see declaration of 'Player'
c:\users\admin\desktop\game - p4\player\source code\playerhandler.h(15): warning C4150: deletion of pointer to incomplete type 'PlayerState'; no destructor called
  c:\users\admin\desktop\game - p4\player\source code\playerhandler.h(3): note: see declaration of 'PlayerState'
c:\users\admin\desktop\game - p4\player\source code\playerhandler.h(36): warning C4150: deletion of pointer to incomplete type 'PlayerState'; no destructor called
  c:\users\admin\desktop\game - p4\player\source code\playerhandler.h(3): note: see declaration of 'PlayerState'
  PlayerRunningState.cpp
  c:\program files (x86)\microsoft directx sdk (june 2010)\include\dinput.h: DIRECTINPUT_VERSION undefined. Defaulting to version 0x0800
c:\users\admin\desktop\game - p4\player\source code\gameglobal.h(18): warning C4005: 'DIRECTINPUT_VERSION': macro redefinition
  c:\program files (x86)\microsoft directx sdk (june 2010)\include\dinput.h(42): note: see previous definition of 'DIRECTINPUT_VERSION'
c:\users\admin\desktop\game - p4\player\source code\gameglobal.h(57): warning C4091: 'extern ': ignored on left of 'Tag' when no variable is declared
c:\users\admin\desktop\game - p4\player\source code\gameglobal.h(64): warning C4091: 'extern ': ignored on left of 'Type' when no variable is declared
c:\users\admin\desktop\game - p4\player\source code\gameglobal.h(82): warning C4091: 'extern ': ignored on left of 'State' when no variable is declared
c:\users\admin\desktop\game - p4\player\source code\playerhandler.h(14): warning C4150: deletion of pointer to incomplete type 'Player'; no destructor called
  c:\users\admin\desktop\game - p4\player\source code\playerhandler.h(2): note: see declaration of 'Player'
c:\users\admin\desktop\game - p4\player\source code\playerhandler.h(15): warning C4150: deletion of pointer to incomplete type 'PlayerState'; no destructor called
  c:\users\admin\desktop\game - p4\player\source code\playerhandler.h(3): note: see declaration of 'PlayerState'
c:\users\admin\desktop\game - p4\player\source code\playerhandler.h(36): warning C4150: deletion of pointer to incomplete type 'PlayerState'; no destructor called
  c:\users\admin\desktop\game - p4\player\source code\playerhandler.h(3): note: see declaration of 'PlayerState'
  PlayerSittingState.cpp
  c:\program files (x86)\microsoft directx sdk (june 2010)\include\dinput.h: DIRECTINPUT_VERSION undefined. Defaulting to version 0x0800
c:\users\admin\desktop\game - p4\player\source code\gameglobal.h(18): warning C4005: 'DIRECTINPUT_VERSION': macro redefinition
  c:\program files (x86)\microsoft directx sdk (june 2010)\include\dinput.h(42): note: see previous definition of 'DIRECTINPUT_VERSION'
c:\users\admin\desktop\game - p4\player\source code\gameglobal.h(57): warning C4091: 'extern ': ignored on left of 'Tag' when no variable is declared
c:\users\admin\desktop\game - p4\player\source code\gameglobal.h(64): warning C4091: 'extern ': ignored on left of 'Type' when no variable is declared
c:\users\admin\desktop\game - p4\player\source code\gameglobal.h(82): warning C4091: 'extern ': ignored on left of 'State' when no variable is declared
c:\users\admin\desktop\game - p4\player\source code\playerhandler.h(14): warning C4150: deletion of pointer to incomplete type 'Player'; no destructor called
  c:\users\admin\desktop\game - p4\player\source code\playerhandler.h(2): note: see declaration of 'Player'
c:\users\admin\desktop\game - p4\player\source code\playerhandler.h(15): warning C4150: deletion of pointer to incomplete type 'PlayerState'; no destructor called
  c:\users\admin\desktop\game - p4\player\source code\playerhandler.h(3): note: see declaration of 'PlayerState'
c:\users\admin\desktop\game - p4\player\source code\playerhandler.h(36): warning C4150: deletion of pointer to incomplete type 'PlayerState'; no destructor called
  c:\users\admin\desktop\game - p4\player\source code\playerhandler.h(3): note: see declaration of 'PlayerState'
  Generating Code...
  Compiling...
  PlayerSprite.cpp
  c:\program files (x86)\microsoft directx sdk (june 2010)\include\dinput.h: DIRECTINPUT_VERSION undefined. Defaulting to version 0x0800
c:\users\admin\desktop\game - p4\player\source code\gameglobal.h(18): warning C4005: 'DIRECTINPUT_VERSION': macro redefinition
  c:\program files (x86)\microsoft directx sdk (june 2010)\include\dinput.h(42): note: see previous definition of 'DIRECTINPUT_VERSION'
c:\users\admin\desktop\game - p4\player\source code\gameglobal.h(57): warning C4091: 'extern ': ignored on left of 'Tag' when no variable is declared
c:\users\admin\desktop\game - p4\player\source code\gameglobal.h(64): warning C4091: 'extern ': ignored on left of 'Type' when no variable is declared
c:\users\admin\desktop\game - p4\player\source code\gameglobal.h(82): warning C4091: 'extern ': ignored on left of 'State' when no variable is declared
  PlayerStandingState.cpp
  c:\program files (x86)\microsoft directx sdk (june 2010)\include\dinput.h: DIRECTINPUT_VERSION undefined. Defaulting to version 0x0800
c:\users\admin\desktop\game - p4\player\source code\gameglobal.h(18): warning C4005: 'DIRECTINPUT_VERSION': macro redefinition
  c:\program files (x86)\microsoft directx sdk (june 2010)\include\dinput.h(42): note: see previous definition of 'DIRECTINPUT_VERSION'
c:\users\admin\desktop\game - p4\player\source code\gameglobal.h(57): warning C4091: 'extern ': ignored on left of 'Tag' when no variable is declared
c:\users\admin\desktop\game - p4\player\source code\gameglobal.h(64): warning C4091: 'extern ': ignored on left of 'Type' when no variable is declared
c:\users\admin\desktop\game - p4\player\source code\gameglobal.h(82): warning C4091: 'extern ': ignored on left of 'State' when no variable is declared
c:\users\admin\desktop\game - p4\player\source code\playerhandler.h(14): warning C4150: deletion of pointer to incomplete type 'Player'; no destructor called
  c:\users\admin\desktop\game - p4\player\source code\playerhandler.h(2): note: see declaration of 'Player'
c:\users\admin\desktop\game - p4\player\source code\playerhandler.h(15): warning C4150: deletion of pointer to incomplete type 'PlayerState'; no destructor called
  c:\users\admin\desktop\game - p4\player\source code\playerhandler.h(3): note: see declaration of 'PlayerState'
c:\users\admin\desktop\game - p4\player\source code\playerhandler.h(36): warning C4150: deletion of pointer to incomplete type 'PlayerState'; no destructor called
  c:\users\admin\desktop\game - p4\player\source code\playerhandler.h(3): note: see declaration of 'PlayerState'
  Scene.cpp
  c:\program files (x86)\microsoft directx sdk (june 2010)\include\dinput.h: DIRECTINPUT_VERSION undefined. Defaulting to version 0x0800
c:\users\admin\desktop\game - p4\player\source code\gameglobal.h(18): warning C4005: 'DIRECTINPUT_VERSION': macro redefinition
  c:\program files (x86)\microsoft directx sdk (june 2010)\include\dinput.h(42): note: see previous definition of 'DIRECTINPUT_VERSION'
c:\users\admin\desktop\game - p4\player\source code\gameglobal.h(57): warning C4091: 'extern ': ignored on left of 'Tag' when no variable is declared
c:\users\admin\desktop\game - p4\player\source code\gameglobal.h(64): warning C4091: 'extern ': ignored on left of 'Type' when no variable is declared
c:\users\admin\desktop\game - p4\player\source code\gameglobal.h(82): warning C4091: 'extern ': ignored on left of 'State' when no variable is declared
  SceneManager.cpp
  c:\program files (x86)\microsoft directx sdk (june 2010)\include\dinput.h: DIRECTINPUT_VERSION undefined. Defaulting to version 0x0800
c:\users\admin\desktop\game - p4\player\source code\gameglobal.h(18): warning C4005: 'DIRECTINPUT_VERSION': macro redefinition
  c:\program files (x86)\microsoft directx sdk (june 2010)\include\dinput.h(42): note: see previous definition of 'DIRECTINPUT_VERSION'
c:\users\admin\desktop\game - p4\player\source code\gameglobal.h(57): warning C4091: 'extern ': ignored on left of 'Tag' when no variable is declared
c:\users\admin\desktop\game - p4\player\source code\gameglobal.h(64): warning C4091: 'extern ': ignored on left of 'Type' when no variable is declared
c:\users\admin\desktop\game - p4\player\source code\gameglobal.h(82): warning C4091: 'extern ': ignored on left of 'State' when no variable is declared
  Sprite.cpp
  c:\program files (x86)\microsoft directx sdk (june 2010)\include\dinput.h: DIRECTINPUT_VERSION undefined. Defaulting to version 0x0800
c:\users\admin\desktop\game - p4\player\source code\gameglobal.h(18): warning C4005: 'DIRECTINPUT_VERSION': macro redefinition
  c:\program files (x86)\microsoft directx sdk (june 2010)\include\dinput.h(42): note: see previous definition of 'DIRECTINPUT_VERSION'
c:\users\admin\desktop\game - p4\player\source code\gameglobal.h(57): warning C4091: 'extern ': ignored on left of 'Tag' when no variable is declared
c:\users\admin\desktop\game - p4\player\source code\gameglobal.h(64): warning C4091: 'extern ': ignored on left of 'Type' when no variable is declared
c:\users\admin\desktop\game - p4\player\source code\gameglobal.h(82): warning C4091: 'extern ': ignored on left of 'State' when no variable is declared
c:\users\admin\desktop\game - p4\player\source code\sprite.cpp(37): warning C4244: 'argument': conversion from 'int' to 'FLOAT', possible loss of data
c:\users\admin\desktop\game - p4\player\source code\sprite.cpp(39): warning C4244: 'argument': conversion from 'int' to 'FLOAT', possible loss of data
c:\users\admin\desktop\game - p4\player\source code\sprite.cpp(42): warning C4244: 'argument': conversion from 'int' to 'FLOAT', possible loss of data
  SpriteFactory.cpp
  c:\program files (x86)\microsoft directx sdk (june 2010)\include\dinput.h: DIRECTINPUT_VERSION undefined. Defaulting to version 0x0800
c:\users\admin\desktop\game - p4\player\source code\gameglobal.h(18): warning C4005: 'DIRECTINPUT_VERSION': macro redefinition
  c:\program files (x86)\microsoft directx sdk (june 2010)\include\dinput.h(42): note: see previous definition of 'DIRECTINPUT_VERSION'
c:\users\admin\desktop\game - p4\player\source code\gameglobal.h(57): warning C4091: 'extern ': ignored on left of 'Tag' when no variable is declared
c:\users\admin\desktop\game - p4\player\source code\gameglobal.h(64): warning C4091: 'extern ': ignored on left of 'Type' when no variable is declared
c:\users\admin\desktop\game - p4\player\source code\gameglobal.h(82): warning C4091: 'extern ': ignored on left of 'State' when no variable is declared
  TextureFactory.cpp
  c:\program files (x86)\microsoft directx sdk (june 2010)\include\dinput.h: DIRECTINPUT_VERSION undefined. Defaulting to version 0x0800
c:\users\admin\desktop\game - p4\player\source code\gameglobal.h(18): warning C4005: 'DIRECTINPUT_VERSION': macro redefinition
  c:\program files (x86)\microsoft directx sdk (june 2010)\include\dinput.h(42): note: see previous definition of 'DIRECTINPUT_VERSION'
c:\users\admin\desktop\game - p4\player\source code\gameglobal.h(57): warning C4091: 'extern ': ignored on left of 'Tag' when no variable is declared
c:\users\admin\desktop\game - p4\player\source code\gameglobal.h(64): warning C4091: 'extern ': ignored on left of 'Type' when no variable is declared
c:\users\admin\desktop\game - p4\player\source code\gameglobal.h(82): warning C4091: 'extern ': ignored on left of 'State' when no variable is declared
  main.cpp
  c:\program files (x86)\microsoft directx sdk (june 2010)\include\dinput.h: DIRECTINPUT_VERSION undefined. Defaulting to version 0x0800
c:\users\admin\desktop\game - p4\player\source code\gameglobal.h(18): warning C4005: 'DIRECTINPUT_VERSION': macro redefinition
  c:\program files (x86)\microsoft directx sdk (june 2010)\include\dinput.h(42): note: see previous definition of 'DIRECTINPUT_VERSION'
c:\users\admin\desktop\game - p4\player\source code\gameglobal.h(57): warning C4091: 'extern ': ignored on left of 'Tag' when no variable is declared
c:\users\admin\desktop\game - p4\player\source code\gameglobal.h(64): warning C4091: 'extern ': ignored on left of 'Type' when no variable is declared
c:\users\admin\desktop\game - p4\player\source code\gameglobal.h(82): warning C4091: 'extern ': ignored on left of 'State' when no variable is declared
c:\users\admin\desktop\game - p4\player\source code\playerhandler.h(14): warning C4150: deletion of pointer to incomplete type 'Player'; no destructor called
  c:\users\admin\desktop\game - p4\player\source code\playerhandler.h(2): note: see declaration of 'Player'
c:\users\admin\desktop\game - p4\player\source code\playerhandler.h(15): warning C4150: deletion of pointer to incomplete type 'PlayerState'; no destructor called
  c:\users\admin\desktop\game - p4\player\source code\playerhandler.h(3): note: see declaration of 'PlayerState'
c:\users\admin\desktop\game - p4\player\source code\playerhandler.h(36): warning C4150: deletion of pointer to incomplete type 'PlayerState'; no destructor called
  c:\users\admin\desktop\game - p4\player\source code\playerhandler.h(3): note: see declaration of 'PlayerState'
  Generating Code...
  Game.vcxproj -> C:\Users\Admin\Desktop\Game - P4\Player\Source code\x64\Debug\Game.exe
