d:\uit - project\uitgd\se102 - p5\debug\game\vc141.pdb
d:\uit - project\uitgd\se102 - p5\debug\game\vc141.idb
d:\uit - project\uitgd\se102 - p5\debug\game\playersittingstate.obj
d:\uit - project\uitgd\se102 - p5\debug\game\playerrunningstate.obj
d:\uit - project\uitgd\se102 - p5\debug\game\playerjumpingstate.obj
d:\uit - project\uitgd\se102 - p5\debug\game\playerinjuredstate.obj
d:\uit - project\uitgd\se102 - p5\debug\game\playerfallingstate.obj
d:\uit - project\uitgd\se102 - p5\debug\game\playerdeadstate.obj
d:\uit - project\uitgd\se102 - p5\debug\game\playerclingingstate.obj
d:\uit - project\uitgd\se102 - p5\debug\game\playerclimbingstate.obj
d:\uit - project\uitgd\se102 - p5\debug\game\playerattackingstate.obj
d:\uit - project\uitgd\se102 - p5\debug\game\player.obj
d:\uit - project\uitgd\se102 - p5\debug\game\objectitemswingsword.obj
d:\uit - project\uitgd\se102 - p5\debug\game\main.obj
d:\uit - project\uitgd\se102 - p5\debug\game\objectitemsword.obj
d:\uit - project\uitgd\se102 - p5\debug\game\objectitemshuriken.obj
d:\uit - project\uitgd\se102 - p5\debug\game\mapfactory.obj
d:\uit - project\uitgd\se102 - p5\debug\game\gameglobal.obj
d:\uit - project\uitgd\se102 - p5\debug\game\game.obj
d:\uit - project\uitgd\se102 - p5\debug\game\collision.obj
d:\uit - project\uitgd\se102 - p5\debug\game\animation.obj
d:\uit - project\uitgd\se102 - p5\debug\game\texturefactory.obj
d:\uit - project\uitgd\se102 - p5\debug\game\spritefactory.obj
d:\uit - project\uitgd\se102 - p5\debug\game\sprite.obj
d:\uit - project\uitgd\se102 - p5\debug\game\scenemanager.obj
d:\uit - project\uitgd\se102 - p5\debug\game\playerstandingstate.obj
d:\uit - project\uitgd\se102 - p5\debug\game\game.tlog\cl.command.1.tlog
d:\uit - project\uitgd\se102 - p5\debug\game\game.tlog\cl.read.1.tlog
d:\uit - project\uitgd\se102 - p5\debug\game\game.tlog\cl.write.1.tlog
