c:\users\admin\desktop\source code\x64\debug\vc141.pdb
c:\users\admin\desktop\source code\x64\debug\vc141.idb
c:\users\admin\desktop\source code\x64\debug\playersprite.obj
c:\users\admin\desktop\source code\x64\debug\playersittingstate.obj
c:\users\admin\desktop\source code\x64\debug\playerrunningstate.obj
c:\users\admin\desktop\source code\x64\debug\playerjumpingstate.obj
c:\users\admin\desktop\source code\x64\debug\playerinjuredstate.obj
c:\users\admin\desktop\source code\x64\debug\playerfallingstate.obj
c:\users\admin\desktop\source code\x64\debug\playerdeadstate.obj
c:\users\admin\desktop\source code\x64\debug\playerclingingstate.obj
c:\users\admin\desktop\source code\x64\debug\playerclimbingstate.obj
c:\users\admin\desktop\source code\x64\debug\playerattackingstate.obj
c:\users\admin\desktop\source code\x64\debug\player.obj
c:\users\admin\desktop\source code\x64\debug\objectitemswingsword.obj
c:\users\admin\desktop\source code\x64\debug\object.obj
c:\users\admin\desktop\source code\x64\debug\main.obj
c:\users\admin\desktop\source code\x64\debug\objectitemsword.obj
c:\users\admin\desktop\source code\x64\debug\objectitemshuriken.obj
c:\users\admin\desktop\source code\x64\debug\objectitem.obj
c:\users\admin\desktop\source code\x64\debug\gameglobal.obj
c:\users\admin\desktop\source code\x64\debug\game.obj
c:\users\admin\desktop\source code\x64\debug\animation.obj
c:\users\admin\desktop\source code\x64\debug\objectitemsprite.obj
c:\users\admin\desktop\source code\x64\debug\texturefactory.obj
c:\users\admin\desktop\source code\x64\debug\spritefactory.obj
c:\users\admin\desktop\source code\x64\debug\sprite.obj
c:\users\admin\desktop\source code\x64\debug\scenemanager.obj
c:\users\admin\desktop\source code\x64\debug\scene.obj
c:\users\admin\desktop\source code\x64\debug\playscene.obj
c:\users\admin\desktop\source code\x64\debug\playerstandingstate.obj
c:\users\admin\desktop\source code\x64\debug\game.pdb
c:\users\admin\desktop\source code\x64\debug\game.tlog\cl.command.1.tlog
c:\users\admin\desktop\source code\x64\debug\game.tlog\cl.read.1.tlog
c:\users\admin\desktop\source code\x64\debug\game.tlog\cl.write.1.tlog
c:\users\admin\desktop\source code\x64\debug\game.tlog\link-cvtres.read.1.tlog
c:\users\admin\desktop\source code\x64\debug\game.tlog\link-cvtres.write.1.tlog
c:\users\admin\desktop\source code\x64\debug\game.tlog\link-rc.read.1.tlog
c:\users\admin\desktop\source code\x64\debug\game.tlog\link-rc.write.1.tlog
c:\users\admin\desktop\source code\x64\debug\game.tlog\link.command.1.tlog
c:\users\admin\desktop\source code\x64\debug\game.tlog\link.read.1.tlog
c:\users\admin\desktop\source code\x64\debug\game.tlog\link.write.1.tlog
